<?xml version="1.0" encoding="UTF-8"?>
<!-- Generated by org.testng.reporters.JUnitXMLReporter -->
<testsuite ignored="0" hostname="LAPTOP-9N416LO2" failures="0" tests="1" name="Test" time="45.542" errors="0" timestamp="2020-03-09T11:13:12 EDT">
  <testcase classname="com.octave.tests.HomePageTests" name="@BeforeMethod beforeMethod" time="0.146">
    <failure type="java.lang.IllegalArgumentException" message="Can not set io.appium.java_client.MobileElement field com.octave.pages.HomePage.skipButton to org.openqa.selenium.remote.RemoteWebElement$$EnhancerByCGLIB$$d27c0df4">
      <![CDATA[java.lang.IllegalArgumentException: Can not set io.appium.java_client.MobileElement field com.octave.pages.HomePage.skipButton to org.openqa.selenium.remote.RemoteWebElement$$EnhancerByCGLIB$$d27c0df4
at org.openqa.selenium.support.PageFactory.proxyFields(PageFactory.java:117)
at org.openqa.selenium.support.PageFactory.initElements(PageFactory.java:105)
at com.octave.BaseTest.<init>(BaseTest.java:32)
at com.octave.pages.HomePage.<init>(HomePage.java:8)
at com.octave.tests.HomePageTests.beforeMethod(HomePageTests.java:32)
at java.base/java.util.ArrayList.forEach(ArrayList.java:1540)
... Removed 35 stack frames]]>
    </failure>
  </testcase> <!-- @BeforeMethod beforeMethod -->
  <testcase classname="com.octave.tests.HomePageTests" name="@AfterMethod afterMethod" time="-1.583766792425E9">
    <skipped/>
  </testcase> <!-- @AfterMethod afterMethod -->
  <testcase classname="com.octave.tests.HomePageTests" name="@AfterClass afterClass" time="-1.583766792429E9">
    <skipped/>
  </testcase> <!-- @AfterClass afterClass -->
  <testcase classname="com.octave.BaseTest" name="@AfterTest afterTest" time="-1.583766792433E9">
    <skipped/>
  </testcase> <!-- @AfterTest afterTest -->
  <testcase classname="com.octave.tests.HomePageTests" name="skipHomePage" time="0.0">
    <skipped/>
  </testcase> <!-- skipHomePage -->
</testsuite> <!-- Test -->
